Rebuild target 'Target 1'
assembling STARTUP.A51...
compiling delay.c...
compiling adc.c...
compiling gpio.c...
compiling main.c...
compiling pwm.c...
compiling tim.c...
compiling uart.c...
compiling eeprom.c...
compiling ntc.c...
compiling power_crl.c...
compiling cc6903.c...
compiling communication.c...
compiling eeprom_crl.c...
compiling modbus_rtu.c...
compiling common.c...
linking...
Program Size: data=15.1 xdata=573 code=5186
creating hex file from "..\Output\Power_board_350"...
"..\Output\Power_board_350" - 0 Error(s), 0 Warning(s).
Build Time Elapsed:  00:00:01
