C51 COMPILER V9.60.7.0   ADC                                                               01/23/2025 22:52:05 PAGE 1   


C51 COMPILER V9.60.7.0, COMPILATION OF MODULE ADC
OBJECT MODULE PLACED IN ..\Output\adc.obj
COMPILER INVOKED BY: D:\APP\Keil_STM32\C51\BIN\C51.EXE ..\Core\Src\adc.c OPTIMIZE(8,SPEED) BROWSE INCDIR(..\BSP\Inc;..\C
                    -ore\Inc;..\Driver;..\Emembed\Inc;..\SYSTEM\Inc) DEBUG OBJECTEXTEND PRINT(.\Listings\adc.lst) OBJECT(..\Output\adc.obj)

line level    source

   1          #include "adc.h"
   2          
   3          #define ADC_POWER 0X80
   4          #define ADC_START 0X40
   5          #define ADC_FLAG  0X20
   6          /**
   7           * @brief       ADC初始化
   8           *
   9           * @param   void
  10           *
  11           * @return  void
  12           */
  13          void ADC_Init(void)
  14          {       
  15   1              ADC_CONTR |= ADC_POWER;         //开AD转换电源
  16   1              delay_ms(10);               //适当延时等待AD转换供电稳定
  17   1              
  18   1              ADCCFG    &= 0xFC;                      //AD转换速度为416个时钟数转换一次
  19   1              ADCCFG    |= 0x0C;                      //AD转换速度为416个时钟数转换一次
  20   1      
  21   1              ADC_CONTR &= ~ADC_FLAG;         //清AD转换完成标志
  22   1                      
  23   1              IE        &= ~0X20;                     //禁止ADC转换中断
  24   1      
  25   1              ADCCFG    |= 0x20;                      //ADC转换结果ADC_RES存高4位，ADC_RESL存低8位
  26   1      }
  27          
  28          /**
  29           * @brief       获取ADC值
  30           *
  31           * @param   void
  32           *
  33           * @return  adc_value：12位ADC value
  34           */
  35          uint16_t Get_ADC_12bit(uint8_t ADC_Channel)     
  36          {
  37   1              uint16_t adc_value = 0;
  38   1      
  39   1              /* 1, 启动ADC转换                           */
  40   1              ADC_CONTR |=  ADC_START | ADC_Channel;
  41   1      
  42   1          /* 2, 等待ADC转换完成                       */
  43   1          while (!(ADC_CONTR & ADC_FLAG));  
  44   1              ADC_CONTR &= ~ADC_FLAG; 
  45   1      
  46   1              /* 3, 赋值给 adc_value 作为返回值           */
  47   1              adc_value = ADC_RES << 8 | ADC_RESL;                    //ADC转换结果ADC_RES存高4位，ADC_RESL存低8位
  48   1              
  49   1              return adc_value;       
  50   1      }


MODULE INFORMATION:   STATIC OVERLAYABLE
   CODE SIZE        =     53    ----
C51 COMPILER V9.60.7.0   ADC                                                               01/23/2025 22:52:05 PAGE 2   

   CONSTANT SIZE    =   ----    ----
   XDATA SIZE       =   ----    ----
   PDATA SIZE       =   ----    ----
   DATA SIZE        =   ----    ----
   IDATA SIZE       =   ----    ----
   BIT SIZE         =   ----    ----
END OF MODULE INFORMATION.


C51 COMPILATION COMPLETE.  0 WARNING(S),  0 ERROR(S)
