C51 COMPILER V9.60.7.0   POWER_CRL                                                         02/05/2025 16:57:39 PAGE 1   


C51 COMPILER V9.60.7.0, COMPILATION OF MODULE POWER_CRL
OBJECT MODULE PLACED IN ..\Output\power_crl.obj
COMPILER INVOKED BY: D:\APP\Keil_v5\C51\BIN\C51.EXE ..\BSP\Src\power_crl.c LARGE OPTIMIZE(8,SPEED) BROWSE INCDIR(..\BSP\
                    -Inc;..\Core\Inc;..\Driver;..\Emembed\Inc;..\SYSTEM\Inc) DEBUG OBJECTEXTEND PRINT(.\Listings\power_crl.lst) OBJECT(..\Out
                    -put\power_crl.obj)

line level    source

   1          #include "power_crl.h"
   2          
   3          AC_220 ac_220;
   4          
   5          /**
   6           * @brief       移相触发调用结构体初始化
   7           *
   8           * @param   
   9           *
  10           * @return  void
  11          **/
  12          void Power_Statu_Init( void )
  13          {
  14   1          ac_220.time_delay = 65500;     //默认最大输出功率
  15   1          ac_220.zero_flag  = 0;
  16   1      }
  17          
  18          /**
  19           * @brief       外部中断0中断处理函数
  20           *
  21           * @param   
  22           *
  23           * @return  void
  24          **/
  25          void INT0_ISR( void ) interrupt 0
  26          {
  27   1          /* 1, 检测到外部中断后，等待THL\TLI后触发TIM1中断       */
  28   1          TL1 = ac_220.time_delay;                            
  29   1              TH1 = ac_220.time_delay >> 8;                           
  30   1      
  31   1          ac_220.zero_flag = 1;
  32   1      
  33   1          /* 2, 定时器1开始计时，打开TIM1中断                     */
  34   1          TR1 = 1;                                 
  35   1          ET1 = 1; 
  36   1      
  37   1          /* 3,打开TIM3中断                     */
  38   1          IE2  |=  0x20;                              
  39   1      }
  40          
  41          /**
  42           * @brief       Timer1中断处理函数
  43           *
  44           * @param   
  45           *
  46           * @return  void
  47          **/
  48          void Tim1_ISR( void ) interrupt 3   //1ms
  49          {
  50   1          /* 1, 中断触发后，power_ch电平 由高电平变为低电平           */
  51   1          if( ac_220.zero_flag == 1 )
  52   1          {
  53   2              ac_220.zero_flag = 0;
C51 COMPILER V9.60.7.0   POWER_CRL                                                         02/05/2025 16:57:39 PAGE 2   

  54   2              AC_Out4 = 0;
  55   2      
  56   2               /* 2, 设置下一次Timer1中断触发所需时间，即脉冲时间       */
  57   2              TL1 = 0xF7;                             
  58   2              TH1 = 0xFF;                             
  59   2          }else
  60   1          {
  61   2              /* 3, 下一次进入Timer1中断，power_ch电平 由低电平变为高电平，完成一次10us
             -冲，即斩波*/
  62   2              AC_Out4 = 1;
  63   2      
  64   2              /* 4, 定时器1停止计时，关闭TIM1中断，等待下一次外部中断     */
  65   2              TR1 = 0;                                    
  66   2              ET1 = 0; 
  67   2          }
  68   1      }
  69          
  70          /**
  71           * @brief       220V输出功率控制函数 
  72           *
  73           * @param   power_level：输出功率百分比  0%~100%
  74           *
  75           * @return  void
  76          **/
  77          void AC_220V_out( uint8_t power_level )
  78          {
  79   1          ac_220.time_delay = 58000 + 75*power_level;
  80   1      }
  81          
  82          /**
  83           * @brief       24V LED开关控制函数
  84           *
  85           * @param   on_off：0：关闭 1：开启
  86           *
  87           * @return  void
  88          **/
  89          void DC_24V_out( uint8_t on_off )
  90          {
  91   1          if( on_off == 1)
  92   1          {
  93   2              DC_24V = 1;
  94   2          }else
  95   1          {
  96   2              DC_24V = 0;
  97   2          }
  98   1      }
  99          


MODULE INFORMATION:   STATIC OVERLAYABLE
   CODE SIZE        =    137    ----
   CONSTANT SIZE    =   ----    ----
   XDATA SIZE       =      3    ----
   PDATA SIZE       =   ----    ----
   DATA SIZE        =   ----    ----
   IDATA SIZE       =   ----    ----
   BIT SIZE         =   ----    ----
END OF MODULE INFORMATION.


C51 COMPILATION COMPLETE.  0 WARNING(S),  0 ERROR(S)
