C51 COMPILER V9.60.7.0   RS485_COMM                                                        01/24/2025 16:36:39 PAGE 1   


C51 COMPILER V9.60.7.0, COMPILATION OF MODULE RS485_COMM
OBJECT MODULE PLACED IN ..\Output\rs485_comm.obj
COMPILER INVOKED BY: D:\APP\Keil_v5\C51\BIN\C51.EXE ..\BSP\Src\rs485_comm.c LARGE OPTIMIZE(8,SPEED) BROWSE INCDIR(..\BSP
                    -\Inc;..\Core\Inc;..\Driver;..\Emembed\Inc;..\SYSTEM\Inc) DEBUG OBJECTEXTEND PRINT(.\Listings\rs485_comm.lst) OBJECT(..\O
                    -utput\rs485_comm.obj)

line level    source

   1          #include "rs485_comm.h"
   2          
   3          RS485 rs485;
   4          
   5          void Uart2_ISR() interrupt 8 
   6          {   
   7   1          if( S2CON & S2TI )
   8   1          {
   9   2              S2CON &= ~S2TI;
  10   2              rs485.TX2_busy_Flag = 0;
  11   2              if( rs485.TX2_send_bytelength != 0 )
  12   2              {
  13   3                  S2BUF = rs485.TX2_buf[rs485.TX2_send_cnt++];
  14   3                  rs485.TX2_send_bytelength--;
  15   3              }
  16   2          }
  17   1          
  18   1          if( S2CON & S2RI )
  19   1          {
  20   2              S2CON &= ~S2RI;
  21   2              if( !rs485.RX2_rev_end_Flag )
  22   2              {
  23   3                  if( rs485.RX2_rev_cnt > 128)
  24   3                  {
  25   4                      rs485.RX2_rev_cnt = 0;
  26   4                  }
  27   3                  rs485.RX2_buf[rs485.RX2_rev_cnt] = S2BUF;
  28   3                  rs485.RX2_rev_cnt++;
  29   3              }
  30   2              rs485.RX2_rev_timeout = 150;
  31   2          }
  32   1      }
  33          
  34          static void Uart2_Sendbyte( uint8_t dat )
  35          {
  36   1          while( rs485.TX2_busy_Flag );
  37   1          rs485.TX2_busy_Flag = 1;
  38   1          S2BUF = dat;
  39   1      }
  40          
  41          void Uart2_SendStr( uint8_t *sendstr )
  42          {   
  43   1          while(*sendstr)
  44   1          {
  45   2              Uart2_Sendbyte( *sendstr++ );
  46   2          }
  47   1      }


MODULE INFORMATION:   STATIC OVERLAYABLE
   CODE SIZE        =    185    ----
   CONSTANT SIZE    =   ----    ----
   XDATA SIZE       =    264       3
C51 COMPILER V9.60.7.0   RS485_COMM                                                        01/24/2025 16:36:39 PAGE 2   

   PDATA SIZE       =   ----    ----
   DATA SIZE        =   ----    ----
   IDATA SIZE       =   ----    ----
   BIT SIZE         =   ----    ----
END OF MODULE INFORMATION.


C51 COMPILATION COMPLETE.  0 WARNING(S),  0 ERROR(S)
