C51 COMPILER V9.60.7.0   TIM                                                               02/07/2025 14:55:28 PAGE 1   


C51 COMPILER V9.60.7.0, COMPILATION OF MODULE TIM
OBJECT MODULE PLACED IN ..\Output\tim.obj
COMPILER INVOKED BY: D:\APP\Keil_v5\C51\BIN\C51.EXE ..\Core\Src\tim.c LARGE OPTIMIZE(8,SPEED) BROWSE INCDIR(..\BSP\Inc;.
                    -.\Core\Inc;..\Driver;..\Emembed\Inc;..\SYSTEM\Inc) DEBUG OBJECTEXTEND PRINT(.\Listings\tim.lst) OBJECT(..\Output\tim.obj
                    -)

line level    source

   1          #include "tim.h"
   2          
   3          /**
   4           * @brief       外部中断0初始化函数
   5           *
   6           * @param   
   7           *
   8           * @return  void
   9          **/
  10          void INT0_Init( void )
  11          {
  12   1          IT0 = 1;                            //下降沿触发过零检测信号
  13   1          EX0 = 1;                            //使能INT0中断
  14   1      }
  15          
  16          /**
  17           * @brief       Timer0初始化函数
  18           *
  19           * @param   
  20           *
  21           * @return  void
  22          **/
  23          void Timer0_Init( void )         //1ms@11.0592MHz   16位手动重装载
  24          {
  25   1              AUXR |= 0x80;                    //定时器时钟1T模式
  26   1              TMOD &= 0xF0;                    //设置定时器模式
  27   1              TL0   = 0xCD;                    //设置定时初始值
  28   1              TH0   = 0xD4;            //设置定时初始值
  29   1              TF0   = 0;                               //清除TF0标志
  30   1              TR0   = 1;                               //定时器0开始计时
  31   1      
  32   1          ET0   = 1;                           //打开IE-ET0，TIM0中断
  33   1      }
  34          
  35          /**
  36           * @brief       Timer1初始化函数
  37           *
  38           * @param   
  39           *
  40           * @return  void
  41          **/
  42          void Timer1_Init( void )                //10ms@11.0592Mhz   16位手动重装载
  43          {   
  44   1              AUXR &= 0xBF;                   //定时器时钟12T模式
  45   1              TMOD &= 0x0F;                   //设置定时器模式
  46   1              TMOD |= 0x10;                   //设置定时器模式   手动/自动开关
  47   1      }
  48          
  49          /**
  50           * @brief       Timer3初始化函数
  51           *
  52           * @param   
  53           *
C51 COMPILER V9.60.7.0   TIM                                                               02/07/2025 14:55:28 PAGE 2   

  54           * @return  void
  55          **/
  56          void Timer3_Init( void )                //10us@11.0592MHz    16位自动重装载
  57          {
  58   1              T4T3M |= 0x02;                          //定时器时钟12T模式
  59   1              T3L    = 0x91;                                  //设置定时初始值
  60   1              T3H    = 0xFF;                                  //设置定时初始值
  61   1              T4T3M |= 0x08;                          //定时器3开始计时
  62   1      
  63   1              IE2  |=  0x20;                          //打开IE2-ET3，TIM3中断
  64   1      }


MODULE INFORMATION:   STATIC OVERLAYABLE
   CODE SIZE        =     50    ----
   CONSTANT SIZE    =   ----    ----
   XDATA SIZE       =   ----    ----
   PDATA SIZE       =   ----    ----
   DATA SIZE        =   ----    ----
   IDATA SIZE       =   ----    ----
   BIT SIZE         =   ----    ----
END OF MODULE INFORMATION.


C51 COMPILATION COMPLETE.  0 WARNING(S),  0 ERROR(S)
