C51 COMPILER V9.60.7.0   UART                                                              01/24/2025 16:24:47 PAGE 1   


C51 COMPILER V9.60.7.0, COMPILATION OF MODULE UART
OBJECT MODULE PLACED IN ..\Output\uart.obj
COMPILER INVOKED BY: D:\APP\Keil_v5\C51\BIN\C51.EXE ..\Core\Src\uart.c LARGE OPTIMIZE(8,SPEED) BROWSE INCDIR(..\BSP\Inc;
                    -..\Core\Inc;..\Driver;..\Emembed\Inc;..\SYSTEM\Inc) DEBUG OBJECTEXTEND PRINT(.\Listings\uart.lst) OBJECT(..\Output\uart.
                    -obj)

line level    source

   1          #include "uart.h"
   2          
   3          void Uart1_Init( void )     //115200bps@11.0592MHz
   4          {       
   5   1              P_SW1 &= 0X3F;          //选择P3.0 P3.1为UART引脚
   6   1              
   7   1              SCON  = 0x50;           //8位数据,可变波特率
   8   1      
   9   1              AUXR &= 0xFE;           //串口1选择定时器1为波特率发生器 S1ST2 = 0
  10   1              AUXR |= 0x40;           //定时器时钟1T模式
  11   1      
  12   1              TL1   = 0xE8;                   //设置定时初始值
  13   1              TH1   = 0xFF;                   //设置定时初始值
  14   1      
  15   1              TCON |= 0X40;                   //定时器1开始计时
  16   1      
  17   1          IE   |= 0X10;                       //串口1 中断允许位
  18   1      }
  19          
  20          void Uart2_Init(void)       //115200bps@11.0592MHz
  21          {
  22   1          P_SW2 = 0X00;          //选择P3.0 P3.1为UART引脚
  23   1      
  24   1              S2CON = 0x50;           //8位数据,可变波特率
  25   1      
  26   1              AUXR |= 0x04;           //定时器时钟1T模式
  27   1      
  28   1              T2L   = 0xE8;           //设置定时初始值
  29   1              T2H   = 0xFF;           //设置定时初始值
  30   1      
  31   1              AUXR |= 0x10;           //定时器2开始计时
  32   1      
  33   1              IE2  |= 0X01;                   //串口2 中断允许位
  34   1      }
  35          


MODULE INFORMATION:   STATIC OVERLAYABLE
   CODE SIZE        =     47    ----
   CONSTANT SIZE    =   ----    ----
   XDATA SIZE       =   ----    ----
   PDATA SIZE       =   ----    ----
   DATA SIZE        =   ----    ----
   IDATA SIZE       =   ----    ----
   BIT SIZE         =   ----    ----
END OF MODULE INFORMATION.


C51 COMPILATION COMPLETE.  0 WARNING(S),  0 ERROR(S)
